[35mdocs:build: [0mcache hit, replaying output [2m6e70f378877775a0[0m
[35mdocs:build: [0m
[35mdocs:build: [0m> docs@0.0.0 build /home/ntwarie/Documents/ntwari egide stuffs/advanced-concepts/my-turborepo/apps/docs
[35mdocs:build: [0m> next build
[35mdocs:build: [0m
[35mdocs:build: [0minfo  - Checking validity of types...
[35mdocs:build: [0minfo  - Creating an optimized production build...
[35mdocs:build: [0minfo  - Compiled successfully
[35mdocs:build: [0minfo  - Collecting page data...
[35mdocs:build: [0minfo  - Generating static pages (0/3)
[35mdocs:build: [0minfo  - Generating static pages (3/3)
[35mdocs:build: [0minfo  - Finalizing page optimization...
[35mdocs:build: [0m
[35mdocs:build: [0mPage                                       Size     First Load JS
[35mdocs:build: [0m┌ ○ / (523 ms)                             316 B          71.3 kB
[35mdocs:build: [0m└ ○ /404                                   194 B          71.2 kB
[35mdocs:build: [0m+ First Load JS shared by all              71 kB
[35mdocs:build: [0m  ├ chunks/framework-535d262c26a14b41.js   42 kB
[35mdocs:build: [0m  ├ chunks/main-4a4c11f5921dab86.js        26.9 kB
[35mdocs:build: [0m  ├ chunks/pages/_app-b8ab0aa4956152cc.js  1.37 kB
[35mdocs:build: [0m  └ chunks/webpack-45f9f9587e6c08e1.js     729 B
[35mdocs:build: [0m
[35mdocs:build: [0m○  (Static)  automatically rendered as static HTML (uses no initial props)
[35mdocs:build: [0m
