[32mweb:build: [0mcache hit, replaying output [2m785e605922cac649[0m
[32mweb:build: [0m
[32mweb:build: [0m> web@0.0.0 build /home/ntwarie/Documents/ntwari egide stuffs/advanced-concepts/my-turborepo/apps/web
[32mweb:build: [0m> next build
[32mweb:build: [0m
[32mweb:build: [0minfo  - Checking validity of types...
[32mweb:build: [0minfo  - Creating an optimized production build...
[32mweb:build: [0minfo  - Compiled successfully
[32mweb:build: [0minfo  - Collecting page data...
[32mweb:build: [0minfo  - Generating static pages (0/3)
[32mweb:build: [0minfo  - Generating static pages (3/3)
[32mweb:build: [0minfo  - Finalizing page optimization...
[32mweb:build: [0m
[32mweb:build: [0mPage                                       Size     First Load JS
[32mweb:build: [0m┌ ○ / (522 ms)                             315 B          71.3 kB
[32mweb:build: [0m└ ○ /404                                   194 B          71.2 kB
[32mweb:build: [0m+ First Load JS shared by all              71 kB
[32mweb:build: [0m  ├ chunks/framework-535d262c26a14b41.js   42 kB
[32mweb:build: [0m  ├ chunks/main-4a4c11f5921dab86.js        26.9 kB
[32mweb:build: [0m  ├ chunks/pages/_app-b8ab0aa4956152cc.js  1.37 kB
[32mweb:build: [0m  └ chunks/webpack-45f9f9587e6c08e1.js     729 B
[32mweb:build: [0m
[32mweb:build: [0m○  (Static)  automatically rendered as static HTML (uses no initial props)
[32mweb:build: [0m
